<?xml version="1.0" encoding="UTF-8"?>
<!-- Generated by org.testng.reporters.JUnitReportReporter -->
<testsuite skipped="0" hostname="DESKTOP-C9APG0P" name="sample.AutomateBlueLagoon" tests="1" failures="0" timestamp="12 Oct 2019 10:05:47 GMT" time="14.191" errors="0">
  <testcase name="firstRun" time="14.191" classname="sample.AutomateBlueLagoon"/>
</testsuite> <!-- sample.AutomateBlueLagoon -->
